______ CHECKING FOR EXISTENCE OF SUBTITLES AND FOR CORRUPTION ______
no subtitles found for Big Lebowski (1998).mp4
no subtitles found for The Godfather (1972).mp4
no subtitles found for Shutter (ชัตเตอร์ กดติดวิญญาณ) (2004).mp4
no subtitles found for Dark Water (Honogurai Mizu no soko kara) (2002).mp4
no subtitles found for Brightburn (2019).mp4
no subtitles found for Reservoir Dogs (1992).mp4
no subtitles found for .mp4
no subtitles found for Tom and Jerry - Robin Hood and his Merry Mouse (2012).mp4
no subtitles found for [REC] (2007).mp4
no subtitles found for The Lord of the Rings - The Two Towers (2002).mp4
no subtitles found for Harry Potter and the Goblet of Fire (2005).mp4
no subtitles found for 014).mp4
no subtitles found for The Amazing Spider-Man (2012) (720p).mp4
no subtitles found for ).mp4
no subtitles found for Singin' in the Rain (1952).mp4
no subtitles found for n (2003) (720p).mp4
no subtitles found for  (1964).mp4
no subtitles found for Requiem For A Dream (2000).mp4
no subtitles found for 10).mp4
no subtitles found for Scary Movie 2 (2001).mp4
no subtitles found for 28 Days Later (2002) (720p).mp4
